[2025-08-25 19:48:03] 成功加载 1280 家公司信息
[2025-08-25 19:48:03] ============================================================
[2025-08-25 19:48:03] 开始批量爬取YCombinator公司职位信息
[2025-08-25 19:48:03] ============================================================
[2025-08-25 19:48:03] 成功加载 1280 家公司信息
[2025-08-25 19:48:03] 总公司数量: 1280
[2025-08-25 19:48:03] 爬取范围: 0 - 1278
[2025-08-25 19:48:03] 每次爬取间隔: 1 秒
[2025-08-25 19:48:03] 
进度: 1/1279 - 处理公司: CircuitHub (circuithub)
[2025-08-25 19:48:03] 开始爬取公司: circuithub
[2025-08-25 19:48:23] [SUCCESS] 成功爬取公司 circuithub
[2025-08-25 19:48:23]    关键信息: 爬取完成! 共找到 4 个职位。; 结果已保存到:
[2025-08-25 19:48:23] 当前统计 - 成功: 1, 失败: 0
[2025-08-25 19:48:23] 等待 1 秒后继续...
[2025-08-25 19:48:24] 
进度: 2/1279 - 处理公司: Rescale (rescale)
[2025-08-25 19:48:24] 开始爬取公司: rescale
[2025-08-25 19:48:53] [SUCCESS] 成功爬取公司 rescale
[2025-08-25 19:48:53]    关键信息: 爬取完成! 共找到 6 个职位。; 结果已保存到:
[2025-08-25 19:48:53] 当前统计 - 成功: 2, 失败: 0
[2025-08-25 19:48:53] 等待 1 秒后继续...
[2025-08-25 19:48:54] 
进度: 3/1279 - 处理公司: Gusto (gusto)
[2025-08-25 19:48:54] 开始爬取公司: gusto
[2025-08-25 19:48:59] [SUCCESS] 成功爬取公司 gusto
[2025-08-25 19:48:59]    关键信息: 未在 https://www.ycombinator.com/companies/gusto/jobs 找到任何职位; 未找到任何职位信息
[2025-08-25 19:48:59] 当前统计 - 成功: 3, 失败: 0
[2025-08-25 19:48:59] 等待 1 秒后继续...
[2025-08-25 19:49:00] 
进度: 4/1279 - 处理公司: Amplitude (amplitude)
[2025-08-25 19:49:00] 开始爬取公司: amplitude
[2025-08-25 19:49:11] [SUCCESS] 成功爬取公司 amplitude
[2025-08-25 19:49:11]    关键信息: 爬取完成! 共找到 2 个职位。; 结果已保存到:
[2025-08-25 19:49:11] 当前统计 - 成功: 4, 失败: 0
[2025-08-25 19:49:11] 等待 1 秒后继续...
[2025-08-25 19:49:12] 
进度: 5/1279 - 处理公司: Y Combinator (y-combinator)
[2025-08-25 19:49:12] 开始爬取公司: y-combinator
[2025-08-25 19:49:22] [SUCCESS] 成功爬取公司 y-combinator
[2025-08-25 19:49:22]    关键信息: 爬取完成! 共找到 2 个职位。; 结果已保存到:
[2025-08-25 19:49:22] 当前统计 - 成功: 5, 失败: 0
[2025-08-25 19:49:22] 等待 1 秒后继续...
[2025-08-25 19:49:23] 
进度: 6/1279 - 处理公司: Apollo (apollo)
[2025-08-25 19:49:23] 开始爬取公司: apollo
[2025-08-25 19:49:34] [SUCCESS] 成功爬取公司 apollo
[2025-08-25 19:49:34]    关键信息: 爬取完成! 共找到 2 个职位。; 结果已保存到:
[2025-08-25 19:49:34] 当前统计 - 成功: 6, 失败: 0
[2025-08-25 19:49:34] 等待 1 秒后继续...
[2025-08-25 19:49:35] 
进度: 7/1279 - 处理公司: HackerRank (hackerrank)
[2025-08-25 19:49:35] 开始爬取公司: hackerrank
[2025-08-25 19:50:20] [SUCCESS] 成功爬取公司 hackerrank
[2025-08-25 19:50:20]    关键信息: 爬取完成! 共找到 9 个职位。; 结果已保存到:
[2025-08-25 19:50:20] 当前统计 - 成功: 7, 失败: 0
[2025-08-25 19:50:20] 等待 1 秒后继续...
[2025-08-25 19:50:21] 
进度: 8/1279 - 处理公司: OneSignal (onesignal)
[2025-08-25 19:50:21] 开始爬取公司: onesignal
[2025-08-25 19:50:35] [SUCCESS] 成功爬取公司 onesignal
[2025-08-25 19:50:35]    关键信息: 爬取完成! 共找到 2 个职位。; 结果已保存到:
[2025-08-25 19:50:35] 当前统计 - 成功: 8, 失败: 0
[2025-08-25 19:50:35] 等待 1 秒后继续...
[2025-08-25 19:50:36] 
进度: 9/1279 - 处理公司: Streak (streak)
[2025-08-25 19:50:36] 开始爬取公司: streak
[2025-08-25 19:50:44] [SUCCESS] 成功爬取公司 streak
[2025-08-25 19:50:44]    关键信息: 爬取完成! 共找到 1 个职位。; 结果已保存到:
[2025-08-25 19:50:44] 当前统计 - 成功: 9, 失败: 0
[2025-08-25 19:50:44] 等待 1 秒后继续...
[2025-08-25 19:50:45] 
进度: 10/1279 - 处理公司: AgileMD (agilemd)
[2025-08-25 19:50:45] 开始爬取公司: agilemd
[2025-08-25 19:50:52] [SUCCESS] 成功爬取公司 agilemd
[2025-08-25 19:50:52]    关键信息: 爬取完成! 共找到 1 个职位。; 结果已保存到:
[2025-08-25 19:50:52] 当前统计 - 成功: 10, 失败: 0
[2025-08-25 19:50:52] 等待 1 秒后继续...
[2025-08-25 19:50:53] 
进度: 11/1279 - 处理公司: Sift (sift)
[2025-08-25 19:50:53] 开始爬取公司: sift
[2025-08-25 19:50:55] [SUCCESS] 成功爬取公司 sift
[2025-08-25 19:50:55]    关键信息: 未在 https://www.ycombinator.com/companies/sift/jobs 找到任何职位; 未找到任何职位信息
[2025-08-25 19:50:55] 当前统计 - 成功: 11, 失败: 0
[2025-08-25 19:50:55] 等待 1 秒后继续...
[2025-08-25 19:50:56] 
进度: 12/1279 - 处理公司: MixRank (mixrank)
[2025-08-25 19:50:56] 开始爬取公司: mixrank
[2025-08-25 19:51:25] [SUCCESS] 成功爬取公司 mixrank
[2025-08-25 19:51:25]    关键信息: 爬取完成! 共找到 6 个职位。; 结果已保存到:
[2025-08-25 19:51:25] 当前统计 - 成功: 12, 失败: 0
[2025-08-25 19:51:25] 等待 1 秒后继续...
[2025-08-25 19:51:26] 
进度: 13/1279 - 处理公司: Mino Games (mino-games)
[2025-08-25 19:51:26] 开始爬取公司: mino-games
[2025-08-25 19:51:33] [SUCCESS] 成功爬取公司 mino-games
[2025-08-25 19:51:33]    关键信息: 爬取完成! 共找到 1 个职位。; 结果已保存到:
[2025-08-25 19:51:33] 当前统计 - 成功: 13, 失败: 0
[2025-08-25 19:51:33] 等待 1 秒后继续...
[2025-08-25 19:51:34] 
进度: 14/1279 - 处理公司: Recurse Center (recurse-center)
[2025-08-25 19:51:34] 开始爬取公司: recurse-center
[2025-08-25 19:51:39] [SUCCESS] 成功爬取公司 recurse-center
[2025-08-25 19:51:39]    关键信息: 爬取完成! 共找到 1 个职位。; 结果已保存到:
[2025-08-25 19:51:39] 当前统计 - 成功: 14, 失败: 0
[2025-08-25 19:51:39] 等待 1 秒后继续...
[2025-08-25 19:51:40] 
进度: 15/1279 - 处理公司: Stripe (stripe)
[2025-08-25 19:51:40] 开始爬取公司: stripe
[2025-08-25 19:51:57] [SUCCESS] 成功爬取公司 stripe
[2025-08-25 19:51:57]    关键信息: 爬取完成! 共找到 3 个职位。; 结果已保存到:
[2025-08-25 19:51:57] 当前统计 - 成功: 15, 失败: 0
[2025-08-25 19:51:57] 等待 1 秒后继续...
[2025-08-25 19:51:58] 
进度: 16/1279 - 处理公司: Mixpanel (mixpanel)
[2025-08-25 19:51:58] 开始爬取公司: mixpanel
[2025-08-25 19:52:08] [SUCCESS] 成功爬取公司 mixpanel
[2025-08-25 19:52:08]    关键信息: 爬取完成! 共找到 2 个职位。; 结果已保存到:
[2025-08-25 19:52:08] 当前统计 - 成功: 16, 失败: 0
[2025-08-25 19:52:08] 等待 1 秒后继续...
[2025-08-25 19:52:09] 
进度: 17/1279 - 处理公司: RentHop (renthop)
[2025-08-25 19:52:09] 开始爬取公司: renthop
[2025-08-25 19:52:25] [SUCCESS] 成功爬取公司 renthop
[2025-08-25 19:52:25]    关键信息: 爬取完成! 共找到 3 个职位。; 结果已保存到:
[2025-08-25 19:52:25] 当前统计 - 成功: 17, 失败: 0
[2025-08-25 19:52:25] 等待 1 秒后继续...
[2025-08-25 19:52:26] 
进度: 18/1279 - 处理公司: Volantio (volantio)
[2025-08-25 19:52:26] 开始爬取公司: volantio
[2025-08-25 19:52:28] [SUCCESS] 成功爬取公司 volantio
[2025-08-25 19:52:28]    关键信息: 未在 https://www.ycombinator.com/companies/volantio/jobs 找到任何职位; 未找到任何职位信息
[2025-08-25 19:52:28] 当前统计 - 成功: 18, 失败: 0
[2025-08-25 19:52:28] 等待 1 秒后继续...
[2025-08-25 19:52:29] 
进度: 19/1279 - 处理公司: Poll Everywhere (poll-everywhere)
[2025-08-25 19:52:29] 开始爬取公司: poll-everywhere
